cat: /opt/samplegenerator_code/src/bubblesort_file/bubblesort_file.opts: No such file or directory
[0;34m[INFO][0m: /opt/tigress/3.1/tigress --Environment=x86_64:Linux:Gcc:12.1     --gcc="/usr/sbin/musl-gcc -mno-mmx -mno-sse -Wl,-Map=% -O0"     --Transform=Info --InfoKind=* --Transform=Flatten --Functions=main,bubblesort /opt/samplegenerator_code/src/bubblesort_file/bubblesort_file.c --out=bubblesort_file.c -o bubblesort_file 
digraph G {
main -> externalFun_printf
main -> externalFun_malloc
main -> externalFun_fclose
main -> externalFun_feof
main -> externalFun_fscanf
main -> externalFun_fopen
main -> externalFun_fprintf
main -> externalFun_strncpy
main -> externalFun_exit
main -> bubblesort

}
bubblesort_file.c:19:12: warning: conflicting types for built-in function ‘posix_memalign’; expected ‘int(void **, long unsigned int,  long unsigned int)’ [-Wbuiltin-declaration-mismatch]
   19 | extern int posix_memalign(void **memptr , unsigned int alignment , unsigned int size ) ;
      |            ^~~~~~~~~~~~~~
bubblesort_file.c:26:21: warning: conflicting types for built-in function ‘strlen’; expected ‘long unsigned int(const char *)’ [-Wbuiltin-declaration-mismatch]
   26 | extern unsigned int strlen(char const   *s ) ;
      |                     ^~~~~~
bubblesort_file.c:1:1: note: ‘strlen’ is declared in header ‘<string.h>’
  +++ |+#include <string.h>
    1 | /* Generated by CIL v. 1.7.3 */
bubblesort_file.c:33:12: warning: conflicting types for built-in function ‘strncmp’; expected ‘int(const char *, const char *, long unsigned int)’ [-Wbuiltin-declaration-mismatch]
   33 | extern int strncmp(char const   *s1 , char const   *s2 , unsigned int maxlen ) ;
      |            ^~~~~~~
bubblesort_file.c:33:12: note: ‘strncmp’ is declared in header ‘<string.h>’
bubblesort_file.c:71:14: warning: conflicting types for built-in function ‘memcpy’; expected ‘void *(void *, const void *, long unsigned int)’ [-Wbuiltin-declaration-mismatch]
   71 | extern void *memcpy(void *s1 , void const   *s2 , unsigned int size ) ;
      |              ^~~~~~
bubblesort_file.c:71:14: note: ‘memcpy’ is declared in header ‘<string.h>’
bubblesort_file.c:101:21: warning: conflicting types for built-in function ‘strnlen’; expected ‘long unsigned int(const char *, long unsigned int)’ [-Wbuiltin-declaration-mismatch]
  101 | extern unsigned int strnlen(char const   *s , unsigned int maxlen ) ;
      |                     ^~~~~~~
bubblesort_file.c:126:12: warning: conflicting types for built-in function ‘snprintf’; expected ‘int(char *, long unsigned int,  const char *, ...)’ [-Wbuiltin-declaration-mismatch]
  126 | extern int snprintf(char *str , unsigned int size , char const   *format  , ...) ;
      |            ^~~~~~~~
bubblesort_file.c:1:1: note: ‘snprintf’ is declared in header ‘<stdio.h>’
  +++ |+#include <stdio.h>
    1 | /* Generated by CIL v. 1.7.3 */

real	0m0.820s
user	0m0.259s
sys	0m0.084s
