cat: /opt/samplegenerator_code/src/elfhash_file/elfhash_file.opts: No such file or directory
[0;34m[INFO][0m: /opt/tigress/3.1/tigress --Environment=x86_64:Linux:Gcc:12.1     --gcc="/usr/sbin/musl-gcc -mno-mmx -mno-sse -Wl,-Map=% -O0"     --Transform=Info --InfoKind=* --Transform=Flatten --Functions=main,ELFHash /opt/samplegenerator_code/src/elfhash_file/elfhash_file.c --out=elfhash_file.c -o elfhash_file 
digraph G {
main -> externalFun_printf
main -> externalFun_strlen
main -> externalFun_fclose
main -> externalFun_fread
main -> externalFun_malloc
main -> externalFun_ftell
main -> externalFun_fseek
main -> externalFun_fopen
main -> externalFun_fprintf
main -> externalFun_strncpy
main -> externalFun_exit
main -> ELFHash

}
elfhash_file.c:29:12: warning: conflicting types for built-in function ‘posix_memalign’; expected ‘int(void **, long unsigned int,  long unsigned int)’ [-Wbuiltin-declaration-mismatch]
   29 | extern int posix_memalign(void **memptr , unsigned int alignment , unsigned int size ) ;
      |            ^~~~~~~~~~~~~~
elfhash_file.c:39:12: warning: conflicting types for built-in function ‘strncmp’; expected ‘int(const char *, const char *, long unsigned int)’ [-Wbuiltin-declaration-mismatch]
   39 | extern int strncmp(char const   *s1 , char const   *s2 , unsigned int maxlen ) ;
      |            ^~~~~~~
elfhash_file.c:1:1: note: ‘strncmp’ is declared in header ‘<string.h>’
  +++ |+#include <string.h>
    1 | /* Generated by CIL v. 1.7.3 */
elfhash_file.c:68:14: warning: conflicting types for built-in function ‘memcpy’; expected ‘void *(void *, const void *, long unsigned int)’ [-Wbuiltin-declaration-mismatch]
   68 | extern void *memcpy(void *s1 , void const   *s2 , unsigned int size ) ;
      |              ^~~~~~
elfhash_file.c:68:14: note: ‘memcpy’ is declared in header ‘<string.h>’
elfhash_file.c:99:21: warning: conflicting types for built-in function ‘strnlen’; expected ‘long unsigned int(const char *, long unsigned int)’ [-Wbuiltin-declaration-mismatch]
   99 | extern unsigned int strnlen(char const   *s , unsigned int maxlen ) ;
      |                     ^~~~~~~
elfhash_file.c:126:12: warning: conflicting types for built-in function ‘snprintf’; expected ‘int(char *, long unsigned int,  const char *, ...)’ [-Wbuiltin-declaration-mismatch]
  126 | extern int snprintf(char *str , unsigned int size , char const   *format  , ...) ;
      |            ^~~~~~~~
elfhash_file.c:1:1: note: ‘snprintf’ is declared in header ‘<stdio.h>’
  +++ |+#include <stdio.h>
    1 | /* Generated by CIL v. 1.7.3 */

real	0m1.031s
user	0m0.347s
sys	0m0.094s
