[0;34m[INFO][0m: /opt/tigress/3.1/tigress --Environment=x86_64:Linux:Gcc:12.1     --gcc="/usr/sbin/musl-gcc -mno-mmx -mno-sse -Wl,-Map=% -O0"     --Transform=Info --InfoKind=* --Transform=Flatten --Functions=mod_auth_digest_nonce_md5,connection_handle_write_state,connection_handle_write /opt/samplegenerator_code/src/lighttpd_1_4_59/lighttpd_1_4_59.c --out=lighttpd_1_4_59.c -o lighttpd_1_4_59 -std=gnu99 -L/usr/lib/x86_64-linux-gnu -L/usr/local/lib -lpcre -lcrypt -L/usr/local/opt/lua/lib -llua5.3 -ldeflate -ldl -lz
old type = TFun(TInt(int, ),
                : TPtr(TComp(struct timespec,
                             tv_sec : TNamed(time_t, TInt(long, ), ),
                             ___missing_field_name : TInt(int, ),
                             tv_nsec : TInt(long, ),
                             ___missing_field_name : TInt(int, ), ,  const  ), ),
                : TPtr(TCompLoop(struct timespec, _, ), ), )
new type = TFun(TInt(int, ),
                __requested_time: TPtr(TComp(struct timespec___0,
                                             tv_sec : TNamed(__time_t,
                                                             TInt(long, ), ),
                                             tv_nsec : TNamed(__syscall_slong_t,
                                                              TInt(long, ), ), ,
                                              const  ), ),
                __remaining: TPtr(TCompLoop(struct timespec___0, _, ), ), )
/usr/include/time.h:205: Error: Declaration of nanosleep does not match previous declaration from /usr/lib/musl/include/time.h:102 (different structs(number of fields)).
error in createGlobal(nanosleep: /usr/include/time.h:205): Errormsg.Errorold type = TFun(TInt(int, ), : TNamed(clockid_t, TInt(int, ), ),
                : TPtr(TCompLoop(struct timespec, _, ), ), )
new type = TFun(TInt(int, ), __clock_id: TNamed(clockid_t___0,
                                                TNamed(__clockid_t, TInt(int, ),
                                                ), ),
                __tp: TPtr(TCompLoop(struct timespec___0, _, ), ),
                 __attribute__((__leaf__)) )
/usr/include/time.h:213: Error: Declaration of clock_gettime does not match previous declaration from /usr/lib/musl/include/time.h:104 (different structs(number of fields)).
error in createGlobal(clock_gettime: /usr/include/time.h:213): Errormsg.ErrorError: Cabs2cil had some errors
/usr/sbin/ld: cannot find -lpcre: No such file or directory
/usr/sbin/ld: cannot find -llua5.3: No such file or directory
/usr/sbin/ld: cannot find -ldeflate: No such file or directory
/usr/sbin/ld: cannot find -lz: No such file or directory
collect2: error: ld returned 1 exit status

real	0m5.970s
user	0m2.887s
sys	0m0.165s
