cat: /opt/samplegenerator_code/src/mergesort/mergesort.opts: No such file or directory
[0;34m[INFO][0m: /opt/tigress/3.1/tigress --Environment=x86_64:Linux:Gcc:12.1     --gcc="/usr/sbin/musl-gcc -mno-mmx -mno-sse -Wl,-Map=% -O0"     --Transform=Info --InfoKind=* --Transform=Flatten --Functions=main,merge,mergeSort /opt/samplegenerator_code/src/mergesort/mergesort.c --out=mergesort.c -o mergesort 
digraph G {
merge -> externalFun___builtin_alloca
main -> externalFun_sscanf
main -> externalFun_exit
main -> externalFun_printf
main -> externalFun_malloc
main -> mergeSort
mergeSort -> mergeSort
mergeSort -> merge

}
/opt/samplegenerator_code/src/mergesort/mergesort.c:17: Warning: Variable-sized local variable L
/opt/samplegenerator_code/src/mergesort/mergesort.c:17: Warning: Variable-sized local variable R
mergesort.c:19:12: warning: conflicting types for built-in function ‘posix_memalign’; expected ‘int(void **, long unsigned int,  long unsigned int)’ [-Wbuiltin-declaration-mismatch]
   19 | extern int posix_memalign(void **memptr , unsigned int alignment , unsigned int size ) ;
      |            ^~~~~~~~~~~~~~
mergesort.c:24:21: warning: conflicting types for built-in function ‘strlen’; expected ‘long unsigned int(const char *)’ [-Wbuiltin-declaration-mismatch]
   24 | extern unsigned int strlen(char const   *s ) ;
      |                     ^~~~~~
mergesort.c:1:1: note: ‘strlen’ is declared in header ‘<string.h>’
  +++ |+#include <string.h>
    1 | /* Generated by CIL v. 1.7.3 */
mergesort.c:29:12: warning: conflicting types for built-in function ‘strncmp’; expected ‘int(const char *, const char *, long unsigned int)’ [-Wbuiltin-declaration-mismatch]
   29 | extern int strncmp(char const   *s1 , char const   *s2 , unsigned int maxlen ) ;
      |            ^~~~~~~
mergesort.c:29:12: note: ‘strncmp’ is declared in header ‘<string.h>’
mergesort.c:65:14: warning: conflicting types for built-in function ‘memcpy’; expected ‘void *(void *, const void *, long unsigned int)’ [-Wbuiltin-declaration-mismatch]
   65 | extern void *memcpy(void *s1 , void const   *s2 , unsigned int size ) ;
      |              ^~~~~~
mergesort.c:65:14: note: ‘memcpy’ is declared in header ‘<string.h>’
mergesort.c:106:21: warning: conflicting types for built-in function ‘strnlen’; expected ‘long unsigned int(const char *, long unsigned int)’ [-Wbuiltin-declaration-mismatch]
  106 | extern unsigned int strnlen(char const   *s , unsigned int maxlen ) ;
      |                     ^~~~~~~
mergesort.c:122:12: warning: conflicting types for built-in function ‘snprintf’; expected ‘int(char *, long unsigned int,  const char *, ...)’ [-Wbuiltin-declaration-mismatch]
  122 | extern int snprintf(char *str , unsigned int size , char const   *format  , ...) ;
      |            ^~~~~~~~
mergesort.c:1:1: note: ‘snprintf’ is declared in header ‘<stdio.h>’
  +++ |+#include <stdio.h>
    1 | /* Generated by CIL v. 1.7.3 */

real	0m1.043s
user	0m0.344s
sys	0m0.088s
