cat: /opt/samplegenerator_code/src/mergesort_file/mergesort_file.opts: No such file or directory
[0;34m[INFO][0m: /opt/tigress/3.1/tigress --Environment=x86_64:Linux:Gcc:12.1     --gcc="/usr/sbin/musl-gcc -mno-mmx -mno-sse -Wl,-Map=% -O0"     --Transform=Info --InfoKind=* --Transform=Flatten --Functions=main,merge,mergeSort /opt/samplegenerator_code/src/mergesort_file/mergesort_file.c --out=mergesort_file.c -o mergesort_file 
digraph G {
merge -> externalFun___builtin_alloca
main -> externalFun_printf
main -> externalFun_malloc
main -> externalFun_fclose
main -> externalFun_feof
main -> externalFun_fscanf
main -> externalFun_fopen
main -> externalFun_fprintf
main -> externalFun_strncpy
main -> externalFun_exit
main -> mergeSort
mergeSort -> mergeSort
mergeSort -> merge

}
/opt/samplegenerator_code/src/mergesort_file/mergesort_file.c:18: Warning: Variable-sized local variable L
/opt/samplegenerator_code/src/mergesort_file/mergesort_file.c:18: Warning: Variable-sized local variable R
mergesort_file.c:28:12: warning: conflicting types for built-in function ‘posix_memalign’; expected ‘int(void **, long unsigned int,  long unsigned int)’ [-Wbuiltin-declaration-mismatch]
   28 | extern int posix_memalign(void **memptr , unsigned int alignment , unsigned int size ) ;
      |            ^~~~~~~~~~~~~~
mergesort_file.c:34:21: warning: conflicting types for built-in function ‘strlen’; expected ‘long unsigned int(const char *)’ [-Wbuiltin-declaration-mismatch]
   34 | extern unsigned int strlen(char const   *s ) ;
      |                     ^~~~~~
mergesort_file.c:1:1: note: ‘strlen’ is declared in header ‘<string.h>’
  +++ |+#include <string.h>
    1 | /* Generated by CIL v. 1.7.3 */
mergesort_file.c:41:12: warning: conflicting types for built-in function ‘strncmp’; expected ‘int(const char *, const char *, long unsigned int)’ [-Wbuiltin-declaration-mismatch]
   41 | extern int strncmp(char const   *s1 , char const   *s2 , unsigned int maxlen ) ;
      |            ^~~~~~~
mergesort_file.c:41:12: note: ‘strncmp’ is declared in header ‘<string.h>’
mergesort_file.c:71:14: warning: conflicting types for built-in function ‘memcpy’; expected ‘void *(void *, const void *, long unsigned int)’ [-Wbuiltin-declaration-mismatch]
   71 | extern void *memcpy(void *s1 , void const   *s2 , unsigned int size ) ;
      |              ^~~~~~
mergesort_file.c:71:14: note: ‘memcpy’ is declared in header ‘<string.h>’
mergesort_file.c:110:21: warning: conflicting types for built-in function ‘strnlen’; expected ‘long unsigned int(const char *, long unsigned int)’ [-Wbuiltin-declaration-mismatch]
  110 | extern unsigned int strnlen(char const   *s , unsigned int maxlen ) ;
      |                     ^~~~~~~
mergesort_file.c:126:12: warning: conflicting types for built-in function ‘snprintf’; expected ‘int(char *, long unsigned int,  const char *, ...)’ [-Wbuiltin-declaration-mismatch]
  126 | extern int snprintf(char *str , unsigned int size , char const   *format  , ...) ;
      |            ^~~~~~~~
mergesort_file.c:1:1: note: ‘snprintf’ is declared in header ‘<stdio.h>’
  +++ |+#include <stdio.h>
    1 | /* Generated by CIL v. 1.7.3 */

real	0m1.056s
user	0m0.350s
sys	0m0.098s
